  MVD.cpp
C:\Users\josem\Documents\Visual Studio 2019\Data Structures\Motor Vehicle Department\Motor Vehicle Department\LinkedSorted.h(41,1): warning C4290: C++ exception specification ignored except to indicate a function is not __declspec(nothrow)
C:\Users\josem\Documents\Visual Studio 2019\Data Structures\Motor Vehicle Department\Motor Vehicle Department\LinkedSorted.h(44): message : see reference to class template instantiation 'LinkedSortedList<ItemType>' being compiled
C:\Users\josem\Documents\Visual Studio 2019\Data Structures\Motor Vehicle Department\Motor Vehicle Department\LinkedSorted.h(205,1): warning C4290: C++ exception specification ignored except to indicate a function is not __declspec(nothrow)
C:\Users\josem\Documents\Visual Studio 2019\Data Structures\Motor Vehicle Department\Motor Vehicle Department\SL_PriorityQueue.h(32,1): warning C4290: C++ exception specification ignored except to indicate a function is not __declspec(nothrow)
C:\Users\josem\Documents\Visual Studio 2019\Data Structures\Motor Vehicle Department\Motor Vehicle Department\SL_PriorityQueue.h(34): message : see reference to class template instantiation 'SL_PriorityQueue<ItemType>' being compiled
C:\Users\josem\Documents\Visual Studio 2019\Data Structures\Motor Vehicle Department\Motor Vehicle Department\SL_PriorityQueue.h(73,1): warning C4290: C++ exception specification ignored except to indicate a function is not __declspec(nothrow)
C:\Users\josem\Documents\Visual Studio 2019\Data Structures\Motor Vehicle Department\Motor Vehicle Department\LinkedList.h(36,1): warning C4290: C++ exception specification ignored except to indicate a function is not __declspec(nothrow)
C:\Users\josem\Documents\Visual Studio 2019\Data Structures\Motor Vehicle Department\Motor Vehicle Department\LinkedList.h(45): message : see reference to class template instantiation 'LinkedList<ItemType>' being compiled
C:\Users\josem\Documents\Visual Studio 2019\Data Structures\Motor Vehicle Department\Motor Vehicle Department\LinkedList.h(41,1): warning C4290: C++ exception specification ignored except to indicate a function is not __declspec(nothrow)
C:\Users\josem\Documents\Visual Studio 2019\Data Structures\Motor Vehicle Department\Motor Vehicle Department\LinkedList.h(160,1): warning C4290: C++ exception specification ignored except to indicate a function is not __declspec(nothrow)
C:\Users\josem\Documents\Visual Studio 2019\Data Structures\Motor Vehicle Department\Motor Vehicle Department\LinkedList.h(196,1): warning C4290: C++ exception specification ignored except to indicate a function is not __declspec(nothrow)
C:\Users\josem\Documents\Visual Studio 2019\Data Structures\Motor Vehicle Department\Motor Vehicle Department\ListQueue.h(23,1): warning C4290: C++ exception specification ignored except to indicate a function is not __declspec(nothrow)
C:\Users\josem\Documents\Visual Studio 2019\Data Structures\Motor Vehicle Department\Motor Vehicle Department\ListQueue.h(30): message : see reference to class template instantiation 'ListQueue<ItemType>' being compiled
C:\Users\josem\Documents\Visual Studio 2019\Data Structures\Motor Vehicle Department\Motor Vehicle Department\ListQueue.h(67,1): warning C4290: C++ exception specification ignored except to indicate a function is not __declspec(nothrow)
C:\Users\josem\Documents\Visual Studio 2019\Data Structures\Motor Vehicle Department\Motor Vehicle Department\MVD.cpp(279,14): warning C4244: 'initializing': conversion from 'double' to 'int', possible loss of data
C:\Users\josem\Documents\Visual Studio 2019\Data Structures\Motor Vehicle Department\Motor Vehicle Department\MVD.cpp(280,14): warning C4244: 'initializing': conversion from 'double' to 'int', possible loss of data
C:\Users\josem\Documents\Visual Studio 2019\Data Structures\Motor Vehicle Department\Motor Vehicle Department\MVD.cpp(158): warning C4715: 'MVD::registrationLineIsEmpty': not all control paths return a value
C:\Users\josem\Documents\Visual Studio 2019\Data Structures\Motor Vehicle Department\Motor Vehicle Department\MVD.cpp(174): warning C4715: 'MVD::renewalLineIsEmpty': not all control paths return a value
C:\Users\josem\Documents\Visual Studio 2019\Data Structures\Motor Vehicle Department\Motor Vehicle Department\MVD.cpp(270): warning C4715: 'MVD::nextEvent': not all control paths return a value
C:\Users\josem\Documents\Visual Studio 2019\Data Structures\Motor Vehicle Department\Motor Vehicle Department\SL_PriorityQueue.h(87): warning C4715: 'SL_PriorityQueue<Driver>::peek': not all control paths return a value
  Motor Vehicle Department.vcxproj -> C:\Users\josem\Documents\Visual Studio 2019\Data Structures\Motor Vehicle Department\Debug\Motor Vehicle Department.exe
